c:\users\oem\documents\github\opengl-framework\shader triangles\shader triangles\debug\vc141.pdb
c:\users\oem\documents\github\opengl-framework\shader triangles\shader triangles\debug\vc141.idb
c:\users\oem\documents\github\opengl-framework\shader triangles\shader triangles\debug\texture.obj
c:\users\oem\documents\github\opengl-framework\shader triangles\shader triangles\debug\shaderloader.obj
c:\users\oem\documents\github\opengl-framework\shader triangles\shader triangles\debug\player.obj
c:\users\oem\documents\github\opengl-framework\shader triangles\shader triangles\debug\mesh2d.obj
c:\users\oem\documents\github\opengl-framework\shader triangles\shader triangles\debug\main.obj
c:\users\oem\documents\github\opengl-framework\shader triangles\shader triangles\debug\input.obj
c:\users\oem\documents\github\opengl-framework\shader triangles\shader triangles\debug\gameobject.obj
c:\users\oem\documents\github\opengl-framework\shader triangles\shader triangles\debug\clock.obj
c:\users\oem\documents\github\opengl-framework\shader triangles\shader triangles\debug\camera.obj
c:\users\oem\documents\github\opengl-framework\shader triangles\shader triangles\debug\background.obj
c:\users\oem\documents\github\opengl-framework\shader triangles\shader triangles\debug\sound.obj
c:\users\oem\documents\github\opengl-framework\shader triangles\shader triangles\debug\batknight.obj
c:\users\oem\documents\github\opengl-framework\shader triangles\shader triangles\debug\zombie.obj
c:\users\oem\documents\github\opengl-framework\shader triangles\shader triangles\debug\introscene.obj
c:\users\oem\documents\github\opengl-framework\shader triangles\shader triangles\debug\rat.obj
c:\users\oem\documents\github\opengl-framework\shader triangles\debug\shader triangles.exe
c:\users\oem\documents\github\opengl-framework\shader triangles\debug\shader triangles.ilk
c:\users\oem\documents\github\opengl-framework\shader triangles\debug\shader triangles.pdb
c:\users\oem\documents\github\opengl-framework\shader triangles\shader triangles\debug\spritesheet.obj
c:\users\oem\documents\github\opengl-framework\shader triangles\shader triangles\debug\shader triangles.tlog\cl.command.1.tlog
c:\users\oem\documents\github\opengl-framework\shader triangles\shader triangles\debug\shader triangles.tlog\cl.read.1.tlog
c:\users\oem\documents\github\opengl-framework\shader triangles\shader triangles\debug\shader triangles.tlog\cl.write.1.tlog
c:\users\oem\documents\github\opengl-framework\shader triangles\shader triangles\debug\shader triangles.tlog\link.command.1.tlog
c:\users\oem\documents\github\opengl-framework\shader triangles\shader triangles\debug\shader triangles.tlog\link.read.1.tlog
c:\users\oem\documents\github\opengl-framework\shader triangles\shader triangles\debug\shader triangles.tlog\link.write.1.tlog
